# JRE version: Java(TM) SE Runtime Environment (24.0.1+9) (build 24.0.1+9-30)
# Java VM: Java HotSpot(TM) 64-Bit Server VM (24.0.1+9-30, mixed mode, sharing, tiered, compressed oops, compressed class ptrs, g1 gc, bsd-aarch64)
Heap:
 garbage-first heap   total reserved 2097152K, committed 133120K, used 63315K [0x0000000780000000, 0x0000000800000000)
  region size 1024K, 47 young (48128K), 1 survivors (1024K)
 Metaspace       used 12993K, committed 13568K, reserved 1114112K
  class space    used 1177K, committed 1408K, reserved 1048576K
GC Heap History (20 events):
Event: 5563.436 GC heap before
{Heap before GC invocations=326 (full 0):
 garbage-first heap   total reserved 2097152K, committed 133120K, used 93015K [0x0000000780000000, 0x0000000800000000)
  region size 1024K, 76 young (77824K), 1 survivors (1024K)
 Metaspace       used 12991K, committed 13568K, reserved 1114112K
  class space    used 1177K, committed 1408K, reserved 1048576K
}
Event: 5563.473 GC heap after
{Heap after GC invocations=327 (full 0):
 garbage-first heap   total reserved 2097152K, committed 133120K, used 13143K [0x0000000780000000, 0x0000000800000000)
  region size 1024K, 1 young (1024K), 1 survivors (1024K)
 Metaspace       used 12991K, committed 13568K, reserved 1114112K
  class space    used 1177K, committed 1408K, reserved 1048576K
}
Event: 5580.315 GC heap before
{Heap before GC invocations=327 (full 0):
 garbage-first heap   total reserved 2097152K, committed 133120K, used 93015K [0x0000000780000000, 0x0000000800000000)
  region size 1024K, 76 young (77824K), 1 survivors (1024K)
 Metaspace       used 12991K, committed 13568K, reserved 1114112K
  class space    used 1177K, committed 1408K, reserved 1048576K
}
Event: 5580.320 GC heap after
{Heap after GC invocations=328 (full 0):
 garbage-first heap   total reserved 2097152K, committed 133120K, used 13133K [0x0000000780000000, 0x0000000800000000)
  region size 1024K, 1 young (1024K), 1 survivors (1024K)
 Metaspace       used 12991K, committed 13568K, reserved 1114112K
  class space    used 1177K, committed 1408K, reserved 1048576K
}
Event: 5597.171 GC heap before
{Heap before GC invocations=328 (full 0):
 garbage-first heap   total reserved 2097152K, committed 133120K, used 93005K [0x0000000780000000, 0x0000000800000000)
  region size 1024K, 76 young (77824K), 1 survivors (1024K)
 Metaspace       used 12991K, committed 13568K, reserved 1114112K
  class space    used 1177K, committed 1408K, reserved 1048576K
}
Event: 5597.172 GC heap after
{Heap after GC invocations=329 (full 0):
 garbage-first heap   total reserved 2097152K, committed 133120K, used 13137K [0x0000000780000000, 0x0000000800000000)
  region size 1024K, 1 young (1024K), 1 survivors (1024K)
 Metaspace       used 12991K, committed 13568K, reserved 1114112K
  class space    used 1177K, committed 1408K, reserved 1048576K
}
Event: 5616.057 GC heap before
{Heap before GC invocations=329 (full 0):
 garbage-first heap   total reserved 2097152K, committed 133120K, used 93009K [0x0000000780000000, 0x0000000800000000)
  region size 1024K, 76 young (77824K), 1 survivors (1024K)
 Metaspace       used 12991K, committed 13568K, reserved 1114112K
  class space    used 1177K, committed 1408K, reserved 1048576K
}
Event: 5616.064 GC heap after
{Heap after GC invocations=330 (full 0):
 garbage-first heap   total reserved 2097152K, committed 133120K, used 13141K [0x0000000780000000, 0x0000000800000000)
  region size 1024K, 1 young (1024K), 1 survivors (1024K)
 Metaspace       used 12991K, committed 13568K, reserved 1114112K
  class space    used 1177K, committed 1408K, reserved 1048576K
}
Event: 5632.916 GC heap before
{Heap before GC invocations=330 (full 0):
 garbage-first heap   total reserved 2097152K, committed 133120K, used 93013K [0x0000000780000000, 0x0000000800000000)
  region size 1024K, 76 young (77824K), 1 survivors (1024K)
 Metaspace       used 12991K, committed 13568K, reserved 1114112K
  class space    used 1177K, committed 1408K, reserved 1048576K
}
Event: 5632.917 GC heap after
{Heap after GC invocations=331 (full 0):
 garbage-first heap   total reserved 2097152K, committed 133120K, used 13135K [0x0000000780000000, 0x0000000800000000)
  region size 1024K, 1 young (1024K), 1 survivors (1024K)
 Metaspace       used 12991K, committed 13568K, reserved 1114112K
  class space    used 1177K, committed 1408K, reserved 1048576K
}
Event: 5649.767 GC heap before
{Heap before GC invocations=331 (full 0):
 garbage-first heap   total reserved 2097152K, committed 133120K, used 93007K [0x0000000780000000, 0x0000000800000000)
  region size 1024K, 76 young (77824K), 1 survivors (1024K)
 Metaspace       used 12991K, committed 13568K, reserved 1114112K
  class space    used 1177K, committed 1408K, reserved 1048576K
}
Event: 5649.769 GC heap after
{Heap after GC invocations=332 (full 0):
 garbage-first heap   total reserved 2097152K, committed 133120K, used 13137K [0x0000000780000000, 0x0000000800000000)
  region size 1024K, 1 young (1024K), 1 survivors (1024K)
 Metaspace       used 12991K, committed 13568K, reserved 1114112K
  class space    used 1177K, committed 1408K, reserved 1048576K
}
Event: 5666.702 GC heap before
{Heap before GC invocations=332 (full 0):
 garbage-first heap   total reserved 2097152K, committed 133120K, used 93009K [0x0000000780000000, 0x0000000800000000)
  region size 1024K, 76 young (77824K), 1 survivors (1024K)
 Metaspace       used 12991K, committed 13568K, reserved 1114112K
  class space    used 1177K, committed 1408K, reserved 1048576K
}
Event: 5666.715 GC heap after
{Heap after GC invocations=333 (full 0):
 garbage-first heap   total reserved 2097152K, committed 133120K, used 13141K [0x0000000780000000, 0x0000000800000000)
  region size 1024K, 1 young (1024K), 1 survivors (1024K)
 Metaspace       used 12991K, committed 13568K, reserved 1114112K
  class space    used 1177K, committed 1408K, reserved 1048576K
}
Event: 5687.783 GC heap before
{Heap before GC invocations=333 (full 0):
 garbage-first heap   total reserved 2097152K, committed 133120K, used 93013K [0x0000000780000000, 0x0000000800000000)
  region size 1024K, 76 young (77824K), 1 survivors (1024K)
 Metaspace       used 12991K, committed 13568K, reserved 1114112K
  class space    used 1177K, committed 1408K, reserved 1048576K
}
Event: 5687.785 GC heap after
{Heap after GC invocations=334 (full 0):
 garbage-first heap   total reserved 2097152K, committed 133120K, used 13139K [0x0000000780000000, 0x0000000800000000)
  region size 1024K, 1 young (1024K), 1 survivors (1024K)
 Metaspace       used 12991K, committed 13568K, reserved 1114112K
  class space    used 1177K, committed 1408K, reserved 1048576K
}
Event: 5704.635 GC heap before
{Heap before GC invocations=334 (full 0):
 garbage-first heap   total reserved 2097152K, committed 133120K, used 93011K [0x0000000780000000, 0x0000000800000000)
  region size 1024K, 76 young (77824K), 1 survivors (1024K)
 Metaspace       used 12991K, committed 13568K, reserved 1114112K
  class space    used 1177K, committed 1408K, reserved 1048576K
}
Event: 5704.638 GC heap after
{Heap after GC invocations=335 (full 0):
 garbage-first heap   total reserved 2097152K, committed 133120K, used 13135K [0x0000000780000000, 0x0000000800000000)
  region size 1024K, 1 young (1024K), 1 survivors (1024K)
 Metaspace       used 12991K, committed 13568K, reserved 1114112K
  class space    used 1177K, committed 1408K, reserved 1048576K
}
Event: 5721.482 GC heap before
{Heap before GC invocations=335 (full 0):
 garbage-first heap   total reserved 2097152K, committed 133120K, used 93007K [0x0000000780000000, 0x0000000800000000)
  region size 1024K, 76 young (77824K), 1 survivors (1024K)
 Metaspace       used 12991K, committed 13568K, reserved 1114112K
  class space    used 1177K, committed 1408K, reserved 1048576K
}
Event: 5721.484 GC heap after
{Heap after GC invocations=336 (full 0):
 garbage-first heap   total reserved 2097152K, committed 133120K, used 13139K [0x0000000780000000, 0x0000000800000000)
  region size 1024K, 1 young (1024K), 1 survivors (1024K)
 Metaspace       used 12991K, committed 13568K, reserved 1114112K
  class space    used 1177K, committed 1408K, reserved 1048576K
}

